2026-04-07 08:24:59 [restartedMain] INFO  com.Proyecto.stoq.StoqApplication - Starting StoqApplication using Java 25.0.2 with PID 4864 (C:\Proy_Taller\Stoq-backend\build\classes\java\main started by Harold in C:\Proy_Taller\Stoq-backend)
2026-04-07 08:24:59 [restartedMain] INFO  com.Proyecto.stoq.StoqApplication - No active profile set, falling back to 1 default profile: "default"
2026-04-07 08:24:59 [restartedMain] INFO  o.s.b.d.e.DevToolsPropertyDefaultsPostProcessor - Devtools property defaults active! Set 'spring.devtools.add-properties' to 'false' to disable
2026-04-07 08:24:59 [restartedMain] INFO  o.s.b.d.e.DevToolsPropertyDefaultsPostProcessor - For additional web related logging consider setting the 'logging.level.web' property to 'DEBUG'
2026-04-07 08:25:00 [restartedMain] INFO  o.s.d.r.c.RepositoryConfigurationDelegate - Bootstrapping Spring Data JPA repositories in DEFAULT mode.
2026-04-07 08:25:00 [restartedMain] INFO  o.s.d.r.c.RepositoryConfigurationDelegate - Finished Spring Data repository scanning in 109 ms. Found 6 JPA repository interfaces.
2026-04-07 08:25:01 [restartedMain] INFO  o.s.boot.tomcat.TomcatWebServer - Tomcat initialized with port 8080 (http)
2026-04-07 08:25:01 [restartedMain] INFO  o.a.catalina.core.StandardService - Starting service [Tomcat]
2026-04-07 08:25:01 [restartedMain] INFO  o.a.catalina.core.StandardEngine - Starting Servlet engine: [Apache Tomcat/11.0.18]
2026-04-07 08:25:01 [restartedMain] INFO  o.s.b.w.c.s.WebApplicationContextInitializer - Root WebApplicationContext: initialization completed in 2615 ms
2026-04-07 08:25:02 [restartedMain] INFO  org.hibernate.orm.jpa - HHH008540: Processing PersistenceUnitInfo [name: default]
2026-04-07 08:25:02 [restartedMain] INFO  org.hibernate.orm.core - HHH000001: Hibernate ORM core version 7.2.4.Final
2026-04-07 08:25:03 [restartedMain] INFO  o.s.o.j.p.SpringPersistenceUnitInfo - No LoadTimeWeaver setup: ignoring JPA class transformer
2026-04-07 08:25:03 [restartedMain] INFO  com.zaxxer.hikari.HikariDataSource - HikariPool-1 - Starting...
2026-04-07 08:25:07 [restartedMain] INFO  com.zaxxer.hikari.HikariDataSource - HikariPool-1 - Start completed.
2026-04-07 08:25:11 [restartedMain] INFO  o.hibernate.orm.connections.pooling - HHH10001005: Database info:
	Database JDBC URL [jdbc:postgresql://aws-0-us-west-2.pooler.supabase.com:5432/postgres?sslmode=require]
	Database driver: PostgreSQL JDBC Driver
	Database dialect: PostgreSQLDialect
	Database version: 17.6
	Default catalog/schema: postgres/public
	Autocommit mode: undefined/unknown
	Isolation level: READ_COMMITTED [default READ_COMMITTED]
	JDBC fetch size: none
	Pool: DataSourceConnectionProvider
	Minimum pool size: undefined/unknown
	Maximum pool size: undefined/unknown
2026-04-07 08:25:13 [restartedMain] INFO  org.hibernate.orm.core - HHH000489: No JTA platform available (set 'hibernate.transaction.jta.platform' to enable JTA platform integration)
2026-04-07 08:25:15 [restartedMain] INFO  o.s.o.j.LocalContainerEntityManagerFactoryBean - Initialized JPA EntityManagerFactory for persistence unit 'default'
2026-04-07 08:25:16 [restartedMain] INFO  o.s.d.j.r.q.QueryEnhancerFactories - Hibernate is in classpath; If applicable, HQL parser will be used.
2026-04-07 08:25:16 [restartedMain] WARN  o.s.b.j.a.JpaBaseConfiguration$JpaWebConfiguration - spring.jpa.open-in-view is enabled by default. Therefore, database queries may be performed during view rendering. Explicitly configure spring.jpa.open-in-view to disable this warning
2026-04-07 08:25:16 [restartedMain] WARN  o.s.b.s.a.UserDetailsServiceAutoConfiguration - 

Using generated security password: 2829cdda-1b2a-49c5-a502-d250424e9afe

This generated password is for development use only. Your security configuration must be updated before running your application in production.

2026-04-07 08:25:17 [restartedMain] INFO  o.s.b.a.e.web.EndpointLinksResolver - Exposing 6 endpoints beneath base path '/actuator'
2026-04-07 08:25:17 [restartedMain] INFO  o.s.boot.tomcat.TomcatWebServer - Tomcat started on port 8080 (http) with context path '/'
2026-04-07 08:25:17 [restartedMain] INFO  com.Proyecto.stoq.StoqApplication - Started StoqApplication in 19.233 seconds (process running for 20.2)
2026-04-07 08:27:32 [http-nio-8080-exec-1] INFO  o.a.c.c.C.[Tomcat].[localhost].[/] - Initializing Spring DispatcherServlet 'dispatcherServlet'
2026-04-07 08:27:32 [http-nio-8080-exec-1] INFO  o.s.web.servlet.DispatcherServlet - Initializing Servlet 'dispatcherServlet'
2026-04-07 08:27:32 [http-nio-8080-exec-1] INFO  o.s.web.servlet.DispatcherServlet - Completed initialization in 3 ms
2026-04-07 08:27:32 [http-nio-8080-exec-1] INFO  c.P.s.a.aspects.ApiLoggingAspect - [API-AUDIT][START] ts=2026-04-07 08:27:32 method=POST uri=/api/auth/register handler=AuthController.register user=ANONYMOUS ip=127.0.0.1 ua=Mozilla/5.0 (Windows NT; Windows NT 10.0; en-US) WindowsPowerShell/5.1.26100.7920
2026-04-07 08:27:36 [http-nio-8080-exec-1] INFO  c.P.s.a.aspects.ApiLoggingAspect - [API-AUDIT][END] method=POST uri=/api/auth/register handler=AuthController.register user=ANONYMOUS durationMs=4491 result=Success
2026-04-07 08:27:36 [http-nio-8080-exec-3] INFO  c.P.s.a.aspects.ApiLoggingAspect - [API-AUDIT][START] ts=2026-04-07 08:27:36 method=GET uri=/api/usuarios/me handler=UsuarioController.obtenerUsuarioAutenticado user=audit.7b822fd4@test.com ip=127.0.0.1 ua=Mozilla/5.0 (Windows NT; Windows NT 10.0; en-US) WindowsPowerShell/5.1.26100.7920
2026-04-07 08:27:37 [http-nio-8080-exec-3] INFO  c.P.s.a.aspects.ApiLoggingAspect - [API-AUDIT][END] method=GET uri=/api/usuarios/me handler=UsuarioController.obtenerUsuarioAutenticado user=audit.7b822fd4@test.com durationMs=517 result=Success
2026-04-07 08:27:37 [http-nio-8080-exec-6] INFO  c.P.s.a.aspects.ApiLoggingAspect - [API-AUDIT][START] ts=2026-04-07 08:27:37 method=GET uri=/api/productos handler=ProductosController.obtenerProductos user=audit.7b822fd4@test.com ip=127.0.0.1 ua=Mozilla/5.0 (Windows NT; Windows NT 10.0; en-US) WindowsPowerShell/5.1.26100.7920
2026-04-07 08:27:39 [http-nio-8080-exec-6] INFO  c.P.s.a.aspects.ApiLoggingAspect - [API-AUDIT][END] method=GET uri=/api/productos handler=ProductosController.obtenerProductos user=audit.7b822fd4@test.com durationMs=1574 result=Success
